[32m2024-09-22 21:59:37 +1000[0m - dagster - [34mDEBUG[0m - __ASSET_JOB - 3f401b4f-1aa6-4349-87f7-ac00bbe85424 - 2464 - LOGS_CAPTURED - Started capturing logs in process (pid: 2464).
[32m2024-09-22 21:59:37 +1000[0m - dagster - [34mDEBUG[0m - __ASSET_JOB - 3f401b4f-1aa6-4349-87f7-ac00bbe85424 - 2464 - product_prices - STEP_START - Started execution of step "product_prices".
[32m2024-09-22 22:02:16 +1000[0m - dagster - [34mERROR[0m - [31m__ASSET_JOB - 3f401b4f-1aa6-4349-87f7-ac00bbe85424 - 2464 - product_prices - STEP_FAILURE - Execution of step "product_prices" failed.

dagster._core.errors.DagsterExecutionInterruptedError

Stack Trace:
  File "C:\Users\joete\Desktop\venv\Lib\site-packages\dagster\_core\execution\plan\execute_plan.py", line 245, in dagster_event_sequence_for_step
    for step_event in check.generator(step_events):
  File "C:\Users\joete\Desktop\venv\Lib\site-packages\dagster\_core\execution\plan\execute_step.py", line 499, in core_dagster_event_sequence_for_step
    for user_event in _step_output_error_checked_user_event_sequence(
  File "C:\Users\joete\Desktop\venv\Lib\site-packages\dagster\_core\execution\plan\execute_step.py", line 183, in _step_output_error_checked_user_event_sequence
    for user_event in user_event_sequence:
  File "C:\Users\joete\Desktop\venv\Lib\site-packages\dagster\_core\execution\plan\execute_step.py", line 87, in _process_asset_results_to_events
    for user_event in user_event_sequence:
  File "C:\Users\joete\Desktop\venv\Lib\site-packages\dagster\_core\execution\plan\compute.py", line 197, in execute_core_compute
    for step_output in _yield_compute_results(step_context, inputs, compute_fn, compute_context):
  File "C:\Users\joete\Desktop\venv\Lib\site-packages\dagster\_core\execution\plan\compute.py", line 166, in _yield_compute_results
    for event in iterate_with_context(
  File "C:\Users\joete\Desktop\venv\Lib\site-packages\dagster\_utils\__init__.py", line 477, in iterate_with_context
    next_output = next(iterator)
                  ^^^^^^^^^^^^^^
  File "C:\Users\joete\Desktop\venv\Lib\site-packages\dagster\_core\execution\plan\compute_generator.py", line 140, in _coerce_op_compute_fn_to_iterator
    result = invoke_compute_fn(
             ^^^^^^^^^^^^^^^^^^
  File "C:\Users\joete\Desktop\venv\Lib\site-packages\dagster\_core\execution\plan\compute_generator.py", line 128, in invoke_compute_fn
    return fn(context, **args_to_pass) if context_arg_provided else fn(**args_to_pass)
                                                                    ^^^^^^^^^^^^^^^^^^
  File "C:\Users\joete\Desktop\PharmaCompare\dagster_project\dagster_project\assets.py", line 34, in product_prices
    res = check_ecs_task_status(task_arn)
          ^^^^^^^^^^^^^^^^^^^^^^^^^^^^^^^
  File "C:\Users\joete\Desktop\PharmaCompare\dagster_project\dagster_project\assets.py", line 64, in check_ecs_task_status
    time.sleep(wait_interval)
  File "C:\Users\joete\Desktop\venv\Lib\site-packages\dagster\_utils\interrupts.py", line 82, in _new_signal_handler
    raise error_cls()
[0m
